[23:46:54] exch=exch pi_var=zero corr_M=none -- done (107.5s)
[23:48:24] exch=exch pi_var=zero corr_M=mod -- done (197.2s)
[23:49:20] exch=exch pi_var=zero corr_M=high -- done (253.8s)
[23:50:50] exch=exch pi_var=mid corr_M=none -- done (343.5s)
[23:52:03] exch=exch pi_var=mid corr_M=mod -- done (416.3s)
[23:52:49] exch=exch pi_var=mid corr_M=high -- done (462.8s)
[23:53:50] exch=exch pi_var=high corr_M=none -- done (523.1s)
[23:54:43] exch=exch pi_var=high corr_M=mod -- done (576.1s)
[23:55:25] exch=exch pi_var=high corr_M=high -- done (618.7s)
[23:57:13] exch=nonexch pi_var=zero corr_M=none -- done (726.1s)
[23:58:43] exch=nonexch pi_var=zero corr_M=mod -- done (816.1s)
[23:59:39] exch=nonexch pi_var=zero corr_M=high -- done (872.3s)
[00:01:09] exch=nonexch pi_var=mid corr_M=none -- done (962.0s)
[00:02:22] exch=nonexch pi_var=mid corr_M=mod -- done (1035.3s)
[00:03:09] exch=nonexch pi_var=mid corr_M=high -- done (1082.4s)
[00:04:10] exch=nonexch pi_var=high corr_M=none -- done (1143.2s)
[00:05:05] exch=nonexch pi_var=high corr_M=mod -- done (1198.0s)
[00:05:48] exch=nonexch pi_var=high corr_M=high -- done (1241.0s)
Wrote results/mse.csv (36 rows)
Wrote results/replicates.csv (18000 rows)
Wrote results/metadata.csv
